{"level":"info","message":"Generated new email: eaf276443dc606cc@tempmail.macromail.com","timestamp":"2024-12-09T04:07:17.064Z"}
{"level":"info","message":"Retrieved emails for: eaf276443dc606cc@tempmail.macromail.com","timestamp":"2024-12-09T04:07:17.142Z"}
{"level":"info","message":"Retrieved emails for: eaf276443dc606cc@tempmail.macromail.com","timestamp":"2024-12-09T04:07:48.103Z"}
{"level":"info","message":"Retrieved emails for: eaf276443dc606cc@tempmail.macromail.com","timestamp":"2024-12-09T04:08:18.107Z"}
{"level":"info","message":"Deleted email: eaf276443dc606cc@tempmail.macromail.com","timestamp":"2024-12-09T04:08:36.719Z"}
{"level":"info","message":"Generated new email: 7a56ee8f191a4b4f@tempmail.macromail.com","timestamp":"2024-12-09T04:08:38.246Z"}
{"level":"info","message":"Retrieved emails for: 7a56ee8f191a4b4f@tempmail.macromail.com","timestamp":"2024-12-09T04:08:38.312Z"}
{"level":"info","message":"Retrieved emails for: 7a56ee8f191a4b4f@tempmail.macromail.com","timestamp":"2024-12-09T04:09:09.104Z"}
{"level":"info","message":"Retrieved emails for: 7a56ee8f191a4b4f@tempmail.macromail.com","timestamp":"2024-12-09T04:09:39.104Z"}
{"level":"info","message":"Deleted email: 7a56ee8f191a4b4f@tempmail.macromail.com","timestamp":"2024-12-09T04:09:46.849Z"}
{"level":"info","message":"Generated new email: b1788a8b2e8e212a@tempmail.macromail.com","timestamp":"2024-12-09T04:09:50.487Z"}
{"level":"info","message":"Retrieved emails for: b1788a8b2e8e212a@tempmail.macromail.com","timestamp":"2024-12-09T04:09:50.549Z"}
{"level":"info","message":"Retrieved emails for: b1788a8b2e8e212a@tempmail.macromail.com","timestamp":"2024-12-09T04:10:20.567Z"}
{"level":"info","message":"Generated new email: cbcb2cb439a8f045@tempmail.macromail.com","timestamp":"2024-12-09T04:15:21.600Z"}
{"level":"info","message":"Retrieved emails for: cbcb2cb439a8f045@tempmail.macromail.com","timestamp":"2024-12-09T04:15:21.693Z"}
{"level":"info","message":"Retrieved emails for: cbcb2cb439a8f045@tempmail.macromail.com","timestamp":"2024-12-09T04:15:51.867Z"}
{"level":"info","message":"Retrieved emails for: cbcb2cb439a8f045@tempmail.macromail.com","timestamp":"2024-12-09T04:16:22.126Z"}
{"level":"info","message":"Retrieved emails for: cbcb2cb439a8f045@tempmail.macromail.com","timestamp":"2024-12-09T04:16:52.102Z"}
{"level":"info","message":"Retrieved emails for: cbcb2cb439a8f045@tempmail.macromail.com","timestamp":"2024-12-09T04:17:22.104Z"}
{"code":"ECONNREFUSED","level":"error","message":"IMAP error:","source":"socket","stack":"AggregateError [ECONNREFUSED]: \n    at internalConnectMultiple (node:net:1121:18)\n    at afterConnectMultiple (node:net:1688:7)","timestamp":"2024-12-09T04:20:30.133Z"}
{"level":"info","message":"Retrieved emails for: cbcb2cb439a8f045@tempmail.macromail.com","timestamp":"2024-12-09T04:20:52.109Z"}
{"level":"info","message":"Generated new email: 82714a2c5896a0d1@tempmail.macromail.com","timestamp":"2024-12-09T04:21:55.392Z"}
{"level":"info","message":"Retrieved emails for: 82714a2c5896a0d1@tempmail.macromail.com","timestamp":"2024-12-09T04:21:55.484Z"}
{"level":"info","message":"Retrieved emails for: 82714a2c5896a0d1@tempmail.macromail.com","timestamp":"2024-12-09T04:22:25.493Z"}
{"level":"info","message":"Generated new email: 4e7412827fdad3c3@tempmail.macromail.com","timestamp":"2024-12-09T04:22:32.875Z"}
{"level":"info","message":"Retrieved emails for: 4e7412827fdad3c3@tempmail.macromail.com","timestamp":"2024-12-09T04:22:32.968Z"}
{"level":"info","message":"Retrieved emails for: 4e7412827fdad3c3@tempmail.macromail.com","timestamp":"2024-12-09T04:23:03.099Z"}
{"level":"info","message":"Retrieved emails for: 4e7412827fdad3c3@tempmail.macromail.com","timestamp":"2024-12-09T04:23:33.110Z"}
{"level":"info","message":"Retrieved emails for: 4e7412827fdad3c3@tempmail.macromail.com","timestamp":"2024-12-09T04:24:03.109Z"}
{"level":"info","message":"Retrieved emails for: 4e7412827fdad3c3@tempmail.macromail.com","timestamp":"2024-12-09T04:24:33.093Z"}
{"level":"info","message":"Retrieved emails for: 4e7412827fdad3c3@tempmail.macromail.com","timestamp":"2024-12-09T04:25:03.098Z"}
{"level":"info","message":"Retrieved emails for: 4e7412827fdad3c3@tempmail.macromail.com","timestamp":"2024-12-09T04:25:37.108Z"}
{"level":"info","message":"Retrieved emails for: 4e7412827fdad3c3@tempmail.macromail.com","timestamp":"2024-12-09T04:26:37.104Z"}
{"level":"info","message":"Retrieved emails for: 4e7412827fdad3c3@tempmail.macromail.com","timestamp":"2024-12-09T04:27:37.104Z"}
{"level":"info","message":"Retrieved emails for: 4e7412827fdad3c3@tempmail.macromail.com","timestamp":"2024-12-09T04:28:37.097Z"}
{"level":"info","message":"Retrieved emails for: 4e7412827fdad3c3@tempmail.macromail.com","timestamp":"2024-12-09T04:29:37.107Z"}
{"level":"info","message":"Retrieved emails for: 4e7412827fdad3c3@tempmail.macromail.com","timestamp":"2024-12-09T04:30:37.118Z"}
{"level":"info","message":"Retrieved emails for: 4e7412827fdad3c3@tempmail.macromail.com","timestamp":"2024-12-09T04:31:37.107Z"}
{"level":"info","message":"Retrieved emails for: 4e7412827fdad3c3@tempmail.macromail.com","timestamp":"2024-12-09T04:32:37.105Z"}
{"level":"info","message":"Retrieved emails for: 4e7412827fdad3c3@tempmail.macromail.com","timestamp":"2024-12-09T04:33:37.099Z"}
{"level":"info","message":"Retrieved emails for: 4e7412827fdad3c3@tempmail.macromail.com","timestamp":"2024-12-09T04:34:37.125Z"}
{"level":"info","message":"Retrieved emails for: 4e7412827fdad3c3@tempmail.macromail.com","timestamp":"2024-12-09T04:35:37.115Z"}
{"level":"info","message":"Retrieved emails for: 4e7412827fdad3c3@tempmail.macromail.com","timestamp":"2024-12-09T04:36:37.106Z"}
{"level":"info","message":"Retrieved emails for: 4e7412827fdad3c3@tempmail.macromail.com","timestamp":"2024-12-09T04:37:37.113Z"}
{"level":"info","message":"Retrieved emails for: 4e7412827fdad3c3@tempmail.macromail.com","timestamp":"2024-12-09T04:38:37.110Z"}
{"level":"info","message":"Retrieved emails for: 4e7412827fdad3c3@tempmail.macromail.com","timestamp":"2024-12-09T04:39:04.283Z"}
{"level":"info","message":"Retrieved emails for: 4e7412827fdad3c3@tempmail.macromail.com","timestamp":"2024-12-09T04:39:33.108Z"}
{"level":"info","message":"Retrieved emails for: 4e7412827fdad3c3@tempmail.macromail.com","timestamp":"2024-12-09T04:40:03.103Z"}
{"level":"info","message":"Retrieved emails for: 4e7412827fdad3c3@tempmail.macromail.com","timestamp":"2024-12-09T04:40:37.104Z"}
{"level":"info","message":"Retrieved emails for: 4e7412827fdad3c3@tempmail.macromail.com","timestamp":"2024-12-09T04:41:15.763Z"}
{"level":"info","message":"Retrieved emails for: 4e7412827fdad3c3@tempmail.macromail.com","timestamp":"2024-12-09T04:41:33.104Z"}
{"level":"info","message":"Retrieved emails for: 4e7412827fdad3c3@tempmail.macromail.com","timestamp":"2024-12-09T04:42:03.102Z"}
{"level":"info","message":"Retrieved emails for: 4e7412827fdad3c3@tempmail.macromail.com","timestamp":"2024-12-09T04:42:37.110Z"}
{"level":"info","message":"Retrieved emails for: 4e7412827fdad3c3@tempmail.macromail.com","timestamp":"2024-12-09T04:43:03.102Z"}
{"level":"info","message":"Retrieved emails for: 4e7412827fdad3c3@tempmail.macromail.com","timestamp":"2024-12-09T04:43:33.108Z"}
{"level":"info","message":"Retrieved emails for: 4e7412827fdad3c3@tempmail.macromail.com","timestamp":"2024-12-09T04:44:14.708Z"}
{"level":"info","message":"Retrieved emails for: 4e7412827fdad3c3@tempmail.macromail.com","timestamp":"2024-12-09T04:44:33.100Z"}
{"level":"info","message":"Retrieved emails for: 4e7412827fdad3c3@tempmail.macromail.com","timestamp":"2024-12-09T04:45:03.104Z"}
{"level":"info","message":"Retrieved emails for: 4e7412827fdad3c3@tempmail.macromail.com","timestamp":"2024-12-09T04:45:37.113Z"}
{"level":"info","message":"Retrieved emails for: 4e7412827fdad3c3@tempmail.macromail.com","timestamp":"2024-12-09T04:46:37.107Z"}
{"level":"info","message":{"address":"74.125.130.108","algo":"TLS_AES_256_GCM_SHA384","authorized":true,"cid":"dzmk76cyzprxoondybz7","host":"imap.gmail.com","localAddress":"192.168.254.1","localPort":50275,"msg":"Established secure TCP connection","port":993,"secure":true,"servername":"imap.gmail.com","src":"connection","version":"TLSv1.3"},"timestamp":"2024-12-09T04:56:58.244Z"}
{"code":"ClosedAfterConnectTLS","level":"error","message":"Error connecting to Gmail: Unexpected close","stack":"Error: Unexpected close\n    at ImapFlow.close (X:\\Desktop\\Cursor Projects(Latest)\\temp-mail\\node_modules\\imapflow\\lib\\imap-flow.js:1499:23)\n    at module.exports (X:\\Desktop\\Cursor Projects(Latest)\\temp-mail\\node_modules\\imapflow\\lib\\commands\\logout.js:12:20)\n    at ImapFlow.run (X:\\Desktop\\Cursor Projects(Latest)\\temp-mail\\node_modules\\imapflow\\lib\\imap-flow.js:2929:28)\n    at ImapFlow.logout (X:\\Desktop\\Cursor Projects(Latest)\\temp-mail\\node_modules\\imapflow\\lib\\imap-flow.js:1473:27)\n    at ImapFlow.startSession (X:\\Desktop\\Cursor Projects(Latest)\\temp-mail\\node_modules\\imapflow\\lib\\imap-flow.js:734:31)\n    at process.processTicksAndRejections (node:internal/process/task_queues:105:5)","timestamp":"2024-12-09T04:56:59.197Z"}
{"level":"info","message":"Retrieved emails for: 4e7412827fdad3c3@tempmail.macromail.com","timestamp":"2024-12-09T04:57:03.124Z"}
{"level":"info","message":"Retrieved emails for: 4e7412827fdad3c3@tempmail.macromail.com","timestamp":"2024-12-09T04:57:37.120Z"}
{"level":"info","message":"Retrieved emails for: 4e7412827fdad3c3@tempmail.macromail.com","timestamp":"2024-12-09T04:58:32.802Z"}
{"level":"info","message":{"address":"2404:6800:4003:c00::6c","algo":"TLS_AES_256_GCM_SHA384","authorized":true,"cid":"mv14z9u8ygbnh2vserui","host":"imap.gmail.com","localAddress":"2407:5200:300:650e:b9e0:67c3:bbe2:dab1","localPort":52115,"msg":"Established secure TCP connection","port":993,"secure":true,"servername":"imap.gmail.com","src":"connection","version":"TLSv1.3"},"timestamp":"2024-12-10T04:19:36.334Z"}
{"code":"ClosedAfterConnectTLS","level":"error","message":"Error connecting to Gmail: Unexpected close","stack":"Error: Unexpected close\n    at ImapFlow.close (X:\\Desktop\\Cursor Projects(Latest)\\temp-mail\\node_modules\\imapflow\\lib\\imap-flow.js:1499:23)\n    at module.exports (X:\\Desktop\\Cursor Projects(Latest)\\temp-mail\\node_modules\\imapflow\\lib\\commands\\logout.js:12:20)\n    at ImapFlow.run (X:\\Desktop\\Cursor Projects(Latest)\\temp-mail\\node_modules\\imapflow\\lib\\imap-flow.js:2929:28)\n    at ImapFlow.logout (X:\\Desktop\\Cursor Projects(Latest)\\temp-mail\\node_modules\\imapflow\\lib\\imap-flow.js:1473:27)\n    at ImapFlow.startSession (X:\\Desktop\\Cursor Projects(Latest)\\temp-mail\\node_modules\\imapflow\\lib\\imap-flow.js:734:31)\n    at process.processTicksAndRejections (node:internal/process/task_queues:105:5)","timestamp":"2024-12-10T04:19:37.255Z"}
{"level":"info","message":"Generated new email: 343e85d0c0aaacef@your-free-domain.tk","timestamp":"2024-12-10T04:21:54.328Z"}
{"level":"info","message":"Retrieved emails for: 343e85d0c0aaacef@your-free-domain.tk","timestamp":"2024-12-10T04:21:54.433Z"}
{"level":"info","message":"Retrieved emails for: 343e85d0c0aaacef@your-free-domain.tk","timestamp":"2024-12-10T04:22:25.044Z"}
{"level":"info","message":"Retrieved emails for: 343e85d0c0aaacef@your-free-domain.tk","timestamp":"2024-12-10T04:22:55.049Z"}
{"level":"info","message":"Retrieved emails for: 343e85d0c0aaacef@your-free-domain.tk","timestamp":"2024-12-10T04:23:24.445Z"}
{"level":"info","message":"Retrieved emails for: 343e85d0c0aaacef@your-free-domain.tk","timestamp":"2024-12-10T04:23:54.444Z"}
{"level":"info","message":"Retrieved emails for: 343e85d0c0aaacef@your-free-domain.tk","timestamp":"2024-12-10T04:24:25.049Z"}
{"level":"info","message":"Retrieved emails for: 343e85d0c0aaacef@your-free-domain.tk","timestamp":"2024-12-10T04:24:54.437Z"}
{"level":"info","message":"Retrieved emails for: 343e85d0c0aaacef@your-free-domain.tk","timestamp":"2024-12-10T04:25:25.054Z"}
{"level":"info","message":"Retrieved emails for: 343e85d0c0aaacef@your-free-domain.tk","timestamp":"2024-12-10T04:25:55.043Z"}
{"level":"info","message":"Retrieved emails for: 343e85d0c0aaacef@your-free-domain.tk","timestamp":"2024-12-10T04:26:25.045Z"}
{"level":"info","message":"Retrieved emails for: 343e85d0c0aaacef@your-free-domain.tk","timestamp":"2024-12-10T04:27:41.048Z"}
{"level":"info","message":"Retrieved emails for: 343e85d0c0aaacef@your-free-domain.tk","timestamp":"2024-12-10T04:28:41.044Z"}
{"level":"info","message":"Retrieved emails for: 343e85d0c0aaacef@your-free-domain.tk","timestamp":"2024-12-10T04:29:41.040Z"}
{"level":"info","message":"Retrieved emails for: 343e85d0c0aaacef@your-free-domain.tk","timestamp":"2024-12-10T04:30:23.203Z"}
{"level":"info","message":"Retrieved emails for: 343e85d0c0aaacef@your-free-domain.tk","timestamp":"2024-12-10T04:30:55.044Z"}
{"level":"info","message":"Retrieved emails for: 343e85d0c0aaacef@your-free-domain.tk","timestamp":"2024-12-10T04:31:41.054Z"}
{"level":"info","message":"Retrieved emails for: 343e85d0c0aaacef@your-free-domain.tk","timestamp":"2024-12-10T04:32:41.084Z"}
{"level":"info","message":"Retrieved emails for: 343e85d0c0aaacef@your-free-domain.tk","timestamp":"2024-12-10T04:33:41.050Z"}
{"level":"info","message":"Retrieved emails for: 343e85d0c0aaacef@your-free-domain.tk","timestamp":"2024-12-10T04:34:10.974Z"}
{"level":"info","message":"Retrieved emails for: 343e85d0c0aaacef@your-free-domain.tk","timestamp":"2024-12-10T04:34:24.440Z"}
{"level":"info","message":"Retrieved emails for: 343e85d0c0aaacef@your-free-domain.tk","timestamp":"2024-12-10T04:34:55.055Z"}
{"level":"info","message":"Retrieved emails for: 343e85d0c0aaacef@your-free-domain.tk","timestamp":"2024-12-10T04:35:25.034Z"}
{"level":"info","message":"Retrieved emails for: 343e85d0c0aaacef@your-free-domain.tk","timestamp":"2024-12-10T04:36:41.054Z"}
{"level":"info","message":"Retrieved emails for: 343e85d0c0aaacef@your-free-domain.tk","timestamp":"2024-12-10T04:37:35.347Z"}
{"level":"info","message":"Retrieved emails for: 343e85d0c0aaacef@your-free-domain.tk","timestamp":"2024-12-10T04:37:55.043Z"}
{"level":"info","message":"Retrieved emails for: 343e85d0c0aaacef@your-free-domain.tk","timestamp":"2024-12-10T04:38:25.047Z"}
{"level":"info","message":"Retrieved emails for: 343e85d0c0aaacef@your-free-domain.tk","timestamp":"2024-12-10T04:39:41.055Z"}
{"level":"info","message":"Retrieved emails for: 343e85d0c0aaacef@your-free-domain.tk","timestamp":"2024-12-10T04:40:41.067Z"}
{"level":"info","message":"Retrieved emails for: 343e85d0c0aaacef@your-free-domain.tk","timestamp":"2024-12-10T04:41:41.042Z"}
{"level":"info","message":"Retrieved emails for: 343e85d0c0aaacef@your-free-domain.tk","timestamp":"2024-12-10T04:42:41.052Z"}
{"level":"info","message":"Retrieved emails for: 343e85d0c0aaacef@your-free-domain.tk","timestamp":"2024-12-10T04:43:05.051Z"}
{"level":"info","message":"Retrieved emails for: 343e85d0c0aaacef@your-free-domain.tk","timestamp":"2024-12-10T04:43:24.437Z"}
{"level":"info","message":"Retrieved emails for: 343e85d0c0aaacef@your-free-domain.tk","timestamp":"2024-12-10T04:43:55.058Z"}
{"level":"info","message":{"address":"2404:6800:4003:c00::6d","algo":"TLS_AES_256_GCM_SHA384","authorized":true,"cid":"tlddbz8t7smsv3bo9ip8","host":"imap.gmail.com","localAddress":"2407:5200:300:650e:f90d:661c:5756:2c45","localPort":56008,"msg":"Established secure TCP connection","port":993,"secure":true,"servername":"imap.gmail.com","src":"connection","version":"TLSv1.3"},"timestamp":"2024-12-10T13:46:22.486Z"}
{"code":"ClosedAfterConnectTLS","level":"error","message":"Error connecting to Gmail: Unexpected close","stack":"Error: Unexpected close\n    at ImapFlow.close (x:\\Desktop\\Cursor Projects(Latest)\\temp-mail\\node_modules\\imapflow\\lib\\imap-flow.js:1499:23)\n    at module.exports (x:\\Desktop\\Cursor Projects(Latest)\\temp-mail\\node_modules\\imapflow\\lib\\commands\\logout.js:12:20)\n    at ImapFlow.run (x:\\Desktop\\Cursor Projects(Latest)\\temp-mail\\node_modules\\imapflow\\lib\\imap-flow.js:2929:28)\n    at ImapFlow.logout (x:\\Desktop\\Cursor Projects(Latest)\\temp-mail\\node_modules\\imapflow\\lib\\imap-flow.js:1473:27)\n    at ImapFlow.startSession (x:\\Desktop\\Cursor Projects(Latest)\\temp-mail\\node_modules\\imapflow\\lib\\imap-flow.js:734:31)\n    at process.processTicksAndRejections (node:internal/process/task_queues:105:5)","timestamp":"2024-12-10T13:46:23.298Z"}
{"level":"info","message":"Generated new email: temp.eyrhd9y9@macromail.com.np","timestamp":"2024-12-10T13:48:19.920Z"}
{"level":"info","message":"Retrieved emails for: temp.eyrhd9y9@macromail.com.np","timestamp":"2024-12-10T13:48:20.017Z"}
{"level":"info","message":"Retrieved emails for: temp.eyrhd9y9@macromail.com.np","timestamp":"2024-12-10T13:48:50.167Z"}
{"level":"info","message":"Retrieved emails for: temp.eyrhd9y9@macromail.com.np","timestamp":"2024-12-10T13:49:20.031Z"}
{"level":"info","message":"Retrieved emails for: temp.eyrhd9y9@macromail.com.np","timestamp":"2024-12-10T13:49:50.028Z"}
{"level":"info","message":"Generated new email: temp.nduouxt2@macromail.com.np","timestamp":"2024-12-10T13:54:19.382Z"}
{"level":"info","message":"Retrieved emails for: temp.nduouxt2@macromail.com.np","timestamp":"2024-12-10T13:54:19.560Z"}
{"level":"info","message":"Generated new email: temp.ou5ngnfm@macromail.com.np","timestamp":"2024-12-10T13:54:22.394Z"}
{"level":"info","message":"Retrieved emails for: temp.ou5ngnfm@macromail.com.np","timestamp":"2024-12-10T13:54:22.529Z"}
{"level":"info","message":"Generated new email: temp.y6adfagv@macromail.com.np","timestamp":"2024-12-10T13:54:23.124Z"}
{"level":"info","message":"Retrieved emails for: temp.y6adfagv@macromail.com.np","timestamp":"2024-12-10T13:54:23.227Z"}
{"level":"info","message":"Generated new email: temp.nhctwvwe@macromail.com.np","timestamp":"2024-12-10T13:54:23.588Z"}
{"level":"info","message":"Retrieved emails for: temp.nhctwvwe@macromail.com.np","timestamp":"2024-12-10T13:54:23.727Z"}
{"level":"info","message":"Generated new email: temp.acph1424@macromail.com.np","timestamp":"2024-12-10T13:54:23.827Z"}
{"level":"info","message":"Retrieved emails for: temp.acph1424@macromail.com.np","timestamp":"2024-12-10T13:54:24.032Z"}
{"level":"info","message":"Generated new email: temp.0rzd8krc@macromail.com.np","timestamp":"2024-12-10T13:54:24.075Z"}
{"level":"info","message":"Retrieved emails for: temp.0rzd8krc@macromail.com.np","timestamp":"2024-12-10T13:54:24.299Z"}
{"level":"info","message":"Generated new email: temp.1vxt7pg9@macromail.com.np","timestamp":"2024-12-10T13:54:24.811Z"}
{"level":"info","message":"Retrieved emails for: temp.1vxt7pg9@macromail.com.np","timestamp":"2024-12-10T13:54:24.962Z"}
{"level":"info","message":"Generated new email: temp.7di9n178@macromail.com.np","timestamp":"2024-12-10T13:54:25.063Z"}
{"level":"info","message":"Retrieved emails for: temp.7di9n178@macromail.com.np","timestamp":"2024-12-10T13:54:25.200Z"}
{"level":"info","message":"Retrieved emails for: temp.7di9n178@macromail.com.np","timestamp":"2024-12-10T13:54:56.174Z"}
{"level":"info","message":"Retrieved emails for: temp.7di9n178@macromail.com.np","timestamp":"2024-12-10T13:55:26.175Z"}
{"level":"info","message":{"address":"142.251.12.109","algo":"TLS_AES_256_GCM_SHA384","authorized":true,"cid":"dti4janyatg7wiyxu8ch","host":"imap.gmail.com","localAddress":"192.168.254.1","localPort":56553,"msg":"Established secure TCP connection","port":993,"secure":true,"servername":"imap.gmail.com","src":"connection","version":"TLSv1.3"},"timestamp":"2024-12-10T14:00:51.440Z"}
{"code":"ClosedAfterConnectTLS","level":"error","message":"Error connecting to Gmail: Unexpected close","stack":"Error: Unexpected close\n    at ImapFlow.close (x:\\Desktop\\Cursor Projects(Latest)\\temp-mail\\node_modules\\imapflow\\lib\\imap-flow.js:1499:23)\n    at module.exports (x:\\Desktop\\Cursor Projects(Latest)\\temp-mail\\node_modules\\imapflow\\lib\\commands\\logout.js:12:20)\n    at ImapFlow.run (x:\\Desktop\\Cursor Projects(Latest)\\temp-mail\\node_modules\\imapflow\\lib\\imap-flow.js:2929:28)\n    at ImapFlow.logout (x:\\Desktop\\Cursor Projects(Latest)\\temp-mail\\node_modules\\imapflow\\lib\\imap-flow.js:1473:27)\n    at ImapFlow.startSession (x:\\Desktop\\Cursor Projects(Latest)\\temp-mail\\node_modules\\imapflow\\lib\\imap-flow.js:734:31)\n    at process.processTicksAndRejections (node:internal/process/task_queues:105:5)","timestamp":"2024-12-10T14:00:52.321Z"}
{"level":"info","message":"Generated new email: temp.9dzvvppt@macromail.com.np","timestamp":"2024-12-10T14:02:17.168Z"}
{"level":"info","message":"Retrieved emails for: temp.9dzvvppt@macromail.com.np","timestamp":"2024-12-10T14:02:17.243Z"}
{"level":"info","message":{"address":"2404:6800:4003:c04::6d","algo":"TLS_AES_256_GCM_SHA384","authorized":true,"cid":"jzs5wl30b052nh8v2dn7","host":"imap.gmail.com","localAddress":"2407:5200:300:650e:f90d:661c:5756:2c45","localPort":56748,"msg":"Established secure TCP connection","port":993,"secure":true,"servername":"imap.gmail.com","src":"connection","version":"TLSv1.3"},"timestamp":"2024-12-10T14:07:42.045Z"}
{"code":"ClosedAfterConnectTLS","level":"error","message":"Error connecting to Gmail: Unexpected close","stack":"Error: Unexpected close\n    at ImapFlow.close (x:\\Desktop\\Cursor Projects(Latest)\\temp-mail\\node_modules\\imapflow\\lib\\imap-flow.js:1499:23)\n    at module.exports (x:\\Desktop\\Cursor Projects(Latest)\\temp-mail\\node_modules\\imapflow\\lib\\commands\\logout.js:12:20)\n    at ImapFlow.run (x:\\Desktop\\Cursor Projects(Latest)\\temp-mail\\node_modules\\imapflow\\lib\\imap-flow.js:2929:28)\n    at ImapFlow.logout (x:\\Desktop\\Cursor Projects(Latest)\\temp-mail\\node_modules\\imapflow\\lib\\imap-flow.js:1473:27)\n    at ImapFlow.startSession (x:\\Desktop\\Cursor Projects(Latest)\\temp-mail\\node_modules\\imapflow\\lib\\imap-flow.js:734:31)\n    at process.processTicksAndRejections (node:internal/process/task_queues:105:5)","timestamp":"2024-12-10T14:07:43.428Z"}
{"level":"info","message":"Generated email: temp.b7qpvlgr@macromail.com.np","timestamp":"2024-12-10T14:09:53.726Z"}
{"level":"info","message":"Generated new email: temp.b7qpvlgr@macromail.com.np","timestamp":"2024-12-10T14:09:53.727Z"}
{"level":"info","message":"Retrieved emails for: temp.b7qpvlgr@macromail.com.np","timestamp":"2024-12-10T14:09:53.825Z"}
{"level":"info","message":"Retrieved emails for: temp.b7qpvlgr@macromail.com.np","timestamp":"2024-12-10T14:10:23.832Z"}
{"level":"info","message":"Retrieved emails for: temp.b7qpvlgr@macromail.com.np","timestamp":"2024-12-10T14:10:54.181Z"}
{"level":"info","message":"Retrieved emails for: temp.b7qpvlgr@macromail.com.np","timestamp":"2024-12-10T14:10:57.995Z"}
{"level":"info","message":"Retrieved emails for: temp.b7qpvlgr@macromail.com.np","timestamp":"2024-12-10T14:10:58.009Z"}
{"level":"info","message":"Retrieved emails for: temp.b7qpvlgr@macromail.com.np","timestamp":"2024-12-10T14:11:04.643Z"}
{"level":"info","message":"Retrieved emails for: temp.b7qpvlgr@macromail.com.np","timestamp":"2024-12-10T14:11:04.649Z"}
{"level":"info","message":"Retrieved emails for: temp.b7qpvlgr@macromail.com.np","timestamp":"2024-12-10T14:11:35.189Z"}
{"level":"info","message":"Retrieved emails for: temp.b7qpvlgr@macromail.com.np","timestamp":"2024-12-10T14:12:05.178Z"}
{"level":"info","message":"Retrieved emails for: temp.b7qpvlgr@macromail.com.np","timestamp":"2024-12-10T14:12:35.164Z"}
{"level":"info","message":"Retrieved emails for: temp.b7qpvlgr@macromail.com.np","timestamp":"2024-12-10T14:13:05.171Z"}
{"level":"info","message":"Retrieved emails for: temp.b7qpvlgr@macromail.com.np","timestamp":"2024-12-10T14:13:39.173Z"}
{"level":"info","message":"Retrieved emails for: temp.b7qpvlgr@macromail.com.np","timestamp":"2024-12-10T14:14:39.175Z"}
{"level":"info","message":"Retrieved emails for: temp.b7qpvlgr@macromail.com.np","timestamp":"2024-12-10T14:15:39.192Z"}
{"level":"info","message":"Retrieved emails for: temp.b7qpvlgr@macromail.com.np","timestamp":"2024-12-10T14:16:39.178Z"}
{"level":"info","message":"Retrieved emails for: temp.b7qpvlgr@macromail.com.np","timestamp":"2024-12-10T14:17:39.178Z"}
{"level":"info","message":"Retrieved emails for: temp.b7qpvlgr@macromail.com.np","timestamp":"2024-12-10T14:18:39.167Z"}
{"level":"info","message":"Retrieved emails for: temp.b7qpvlgr@macromail.com.np","timestamp":"2024-12-10T14:19:39.176Z"}
{"level":"info","message":"Retrieved emails for: temp.b7qpvlgr@macromail.com.np","timestamp":"2024-12-10T14:20:39.173Z"}
{"level":"info","message":"Retrieved emails for: temp.b7qpvlgr@macromail.com.np","timestamp":"2024-12-10T14:21:39.170Z"}
{"level":"info","message":"Retrieved emails for: temp.b7qpvlgr@macromail.com.np","timestamp":"2024-12-10T14:22:39.179Z"}
{"level":"info","message":"Retrieved emails for: temp.b7qpvlgr@macromail.com.np","timestamp":"2024-12-10T14:23:39.178Z"}
{"level":"info","message":"Retrieved emails for: temp.b7qpvlgr@macromail.com.np","timestamp":"2024-12-10T14:24:39.172Z"}
{"level":"info","message":"Retrieved emails for: temp.b7qpvlgr@macromail.com.np","timestamp":"2024-12-10T14:25:39.172Z"}
{"level":"info","message":"Retrieved emails for: temp.b7qpvlgr@macromail.com.np","timestamp":"2024-12-10T14:26:39.194Z"}
{"level":"info","message":"Retrieved emails for: temp.b7qpvlgr@macromail.com.np","timestamp":"2024-12-10T14:27:39.175Z"}
{"level":"info","message":"Retrieved emails for: temp.b7qpvlgr@macromail.com.np","timestamp":"2024-12-10T14:28:39.167Z"}
{"level":"info","message":"Retrieved emails for: temp.b7qpvlgr@macromail.com.np","timestamp":"2024-12-10T14:29:39.175Z"}
{"level":"info","message":"Retrieved emails for: temp.b7qpvlgr@macromail.com.np","timestamp":"2024-12-10T14:30:39.174Z"}
{"level":"info","message":"Retrieved emails for: temp.b7qpvlgr@macromail.com.np","timestamp":"2024-12-10T14:31:39.167Z"}
{"level":"info","message":"Retrieved emails for: temp.b7qpvlgr@macromail.com.np","timestamp":"2024-12-10T14:32:19.553Z"}
{"level":"info","message":"Retrieved emails for: temp.b7qpvlgr@macromail.com.np","timestamp":"2024-12-10T14:32:35.169Z"}
{"level":"info","message":"Retrieved emails for: temp.b7qpvlgr@macromail.com.np","timestamp":"2024-12-10T14:33:05.166Z"}
{"level":"info","message":"Retrieved emails for: temp.b7qpvlgr@macromail.com.np","timestamp":"2024-12-10T14:33:35.168Z"}
{"level":"info","message":"Retrieved emails for: temp.b7qpvlgr@macromail.com.np","timestamp":"2024-12-10T14:34:04.658Z"}
{"level":"info","message":"Retrieved emails for: temp.b7qpvlgr@macromail.com.np","timestamp":"2024-12-10T14:34:34.653Z"}
{"level":"info","message":"Retrieved emails for: temp.b7qpvlgr@macromail.com.np","timestamp":"2024-12-10T14:35:04.654Z"}
{"level":"info","message":"Retrieved emails for: temp.b7qpvlgr@macromail.com.np","timestamp":"2024-12-10T14:35:35.171Z"}
{"level":"info","message":"Retrieved emails for: temp.b7qpvlgr@macromail.com.np","timestamp":"2024-12-10T14:36:05.182Z"}
{"level":"info","message":"Retrieved emails for: temp.b7qpvlgr@macromail.com.np","timestamp":"2024-12-10T14:36:39.172Z"}
{"level":"info","message":"Retrieved emails for: temp.b7qpvlgr@macromail.com.np","timestamp":"2024-12-10T14:37:39.178Z"}
{"level":"info","message":"Retrieved emails for: temp.b7qpvlgr@macromail.com.np","timestamp":"2024-12-10T14:38:05.165Z"}
{"level":"info","message":"Retrieved emails for: temp.b7qpvlgr@macromail.com.np","timestamp":"2024-12-10T14:38:35.170Z"}
{"level":"info","message":"Retrieved emails for: temp.b7qpvlgr@macromail.com.np","timestamp":"2024-12-10T14:39:39.174Z"}
{"level":"info","message":"Retrieved emails for: temp.b7qpvlgr@macromail.com.np","timestamp":"2024-12-10T14:40:39.174Z"}
{"level":"info","message":"Retrieved emails for: temp.b7qpvlgr@macromail.com.np","timestamp":"2024-12-10T14:41:39.173Z"}
{"level":"info","message":"Retrieved emails for: temp.b7qpvlgr@macromail.com.np","timestamp":"2024-12-10T14:42:39.171Z"}
{"level":"info","message":"Retrieved emails for: temp.b7qpvlgr@macromail.com.np","timestamp":"2024-12-10T14:43:39.235Z"}
{"level":"info","message":"Retrieved emails for: temp.b7qpvlgr@macromail.com.np","timestamp":"2024-12-10T14:44:22.958Z"}
{"level":"info","message":"Retrieved emails for: temp.b7qpvlgr@macromail.com.np","timestamp":"2024-12-10T14:44:28.313Z"}
{"level":"info","message":"Retrieved emails for: temp.b7qpvlgr@macromail.com.np","timestamp":"2024-12-10T14:44:28.326Z"}
{"level":"info","message":"Retrieved emails for: temp.b7qpvlgr@macromail.com.np","timestamp":"2024-12-10T14:44:58.336Z"}
{"level":"info","message":"Retrieved emails for: temp.b7qpvlgr@macromail.com.np","timestamp":"2024-12-10T14:45:29.176Z"}
{"level":"info","message":"Retrieved emails for: temp.b7qpvlgr@macromail.com.np","timestamp":"2024-12-10T14:45:59.171Z"}
{"level":"info","message":"Retrieved emails for: temp.b7qpvlgr@macromail.com.np","timestamp":"2024-12-10T14:46:29.171Z"}
{"level":"info","message":"Retrieved emails for: temp.b7qpvlgr@macromail.com.np","timestamp":"2024-12-10T14:47:39.175Z"}
{"level":"info","message":"Retrieved emails for: temp.b7qpvlgr@macromail.com.np","timestamp":"2024-12-10T14:48:39.172Z"}
{"level":"info","message":"Retrieved emails for: temp.b7qpvlgr@macromail.com.np","timestamp":"2024-12-10T14:49:39.250Z"}
{"level":"info","message":"Retrieved emails for: temp.b7qpvlgr@macromail.com.np","timestamp":"2024-12-10T14:50:39.175Z"}
{"level":"info","message":"Retrieved emails for: temp.b7qpvlgr@macromail.com.np","timestamp":"2024-12-10T14:51:39.167Z"}
{"level":"info","message":"Retrieved emails for: temp.b7qpvlgr@macromail.com.np","timestamp":"2024-12-10T14:51:58.336Z"}
{"level":"info","message":"Retrieved emails for: temp.b7qpvlgr@macromail.com.np","timestamp":"2024-12-10T14:52:29.180Z"}
{"level":"info","message":"Retrieved emails for: temp.b7qpvlgr@macromail.com.np","timestamp":"2024-12-10T14:52:59.174Z"}
{"level":"info","message":"Retrieved emails for: temp.b7qpvlgr@macromail.com.np","timestamp":"2024-12-10T14:53:39.166Z"}
{"level":"info","message":"Retrieved emails for: temp.b7qpvlgr@macromail.com.np","timestamp":"2024-12-10T14:53:50.248Z"}
{"level":"info","message":"Retrieved emails for: temp.b7qpvlgr@macromail.com.np","timestamp":"2024-12-10T14:53:50.259Z"}
{"level":"info","message":"Generated email: temp.invyzx33@macromail.com.np","timestamp":"2024-12-10T14:53:56.374Z"}
{"level":"info","message":"Generated new email: temp.invyzx33@macromail.com.np","timestamp":"2024-12-10T14:53:56.380Z"}
{"level":"info","message":"Retrieved emails for: temp.invyzx33@macromail.com.np","timestamp":"2024-12-10T14:53:56.452Z"}
{"level":"info","message":"Generated email: temp.bnvm2mvd@macromail.com.np","timestamp":"2024-12-10T14:53:57.421Z"}
{"level":"info","message":"Generated new email: temp.bnvm2mvd@macromail.com.np","timestamp":"2024-12-10T14:53:57.421Z"}
{"level":"info","message":"Retrieved emails for: temp.bnvm2mvd@macromail.com.np","timestamp":"2024-12-10T14:53:57.515Z"}
{"level":"info","message":"Generated email: temp.btorucib@macromail.com.np","timestamp":"2024-12-10T14:53:58.487Z"}
{"level":"info","message":"Generated new email: temp.btorucib@macromail.com.np","timestamp":"2024-12-10T14:53:58.487Z"}
{"level":"info","message":"Retrieved emails for: temp.btorucib@macromail.com.np","timestamp":"2024-12-10T14:53:58.559Z"}
{"level":"info","message":"Retrieved emails for: temp.btorucib@macromail.com.np","timestamp":"2024-12-10T14:54:29.167Z"}
{"level":"info","message":"Retrieved emails for: temp.b7qpvlgr@macromail.com.np","timestamp":"2024-12-10T14:54:39.169Z"}
{"level":"info","message":"Retrieved emails for: temp.btorucib@macromail.com.np","timestamp":"2024-12-10T14:54:59.162Z"}
{"level":"info","message":"Retrieved emails for: temp.btorucib@macromail.com.np","timestamp":"2024-12-10T14:55:29.167Z"}
{"level":"info","message":"Retrieved emails for: temp.b7qpvlgr@macromail.com.np","timestamp":"2024-12-10T14:55:39.181Z"}
{"level":"info","message":"Retrieved emails for: temp.btorucib@macromail.com.np","timestamp":"2024-12-10T14:55:44.851Z"}
{"level":"info","message":"Retrieved emails for: temp.btorucib@macromail.com.np","timestamp":"2024-12-10T14:55:44.857Z"}
{"level":"info","message":"Retrieved emails for: temp.btorucib@macromail.com.np","timestamp":"2024-12-10T14:56:15.166Z"}
{"level":"info","message":"Retrieved emails for: temp.b7qpvlgr@macromail.com.np","timestamp":"2024-12-10T14:56:39.165Z"}
{"level":"info","message":"Retrieved emails for: temp.btorucib@macromail.com.np","timestamp":"2024-12-10T14:56:45.162Z"}
{"level":"info","message":"Retrieved emails for: temp.btorucib@macromail.com.np","timestamp":"2024-12-10T14:57:15.168Z"}
{"level":"info","message":"Retrieved emails for: temp.b7qpvlgr@macromail.com.np","timestamp":"2024-12-10T14:57:39.191Z"}
{"level":"info","message":"Retrieved emails for: temp.btorucib@macromail.com.np","timestamp":"2024-12-10T14:57:45.167Z"}
{"level":"info","message":"Retrieved emails for: temp.btorucib@macromail.com.np","timestamp":"2024-12-10T14:58:39.232Z"}
{"level":"info","message":"Retrieved emails for: temp.b7qpvlgr@macromail.com.np","timestamp":"2024-12-10T14:58:39.393Z"}
{"level":"info","message":"Retrieved emails for: temp.btorucib@macromail.com.np","timestamp":"2024-12-10T14:58:48.694Z"}
{"level":"info","message":"Retrieved emails for: temp.btorucib@macromail.com.np","timestamp":"2024-12-10T14:58:48.721Z"}
{"level":"info","message":"Retrieved emails for: temp.btorucib@macromail.com.np","timestamp":"2024-12-10T14:58:50.827Z"}
{"level":"info","message":"Retrieved emails for: temp.btorucib@macromail.com.np","timestamp":"2024-12-10T14:58:50.835Z"}
{"level":"info","message":"Retrieved emails for: temp.btorucib@macromail.com.np","timestamp":"2024-12-10T14:59:19.175Z"}
{"level":"info","message":"Retrieved emails for: temp.btorucib@macromail.com.np","timestamp":"2024-12-10T14:59:21.161Z"}
{"level":"info","message":"Retrieved emails for: temp.btorucib@macromail.com.np","timestamp":"2024-12-10T14:59:49.177Z"}
{"level":"info","message":"Retrieved emails for: temp.btorucib@macromail.com.np","timestamp":"2024-12-10T14:59:51.169Z"}
{"level":"info","message":"Retrieved emails for: temp.btorucib@macromail.com.np","timestamp":"2024-12-10T15:00:19.175Z"}
{"level":"info","message":"Retrieved emails for: temp.btorucib@macromail.com.np","timestamp":"2024-12-10T15:00:21.168Z"}
{"level":"info","message":"Retrieved emails for: temp.btorucib@macromail.com.np","timestamp":"2024-12-10T15:00:49.167Z"}
{"level":"info","message":"Retrieved emails for: temp.btorucib@macromail.com.np","timestamp":"2024-12-10T15:00:51.172Z"}
{"level":"info","message":"Retrieved emails for: temp.btorucib@macromail.com.np","timestamp":"2024-12-10T15:01:21.175Z"}
{"level":"info","message":"Retrieved emails for: temp.btorucib@macromail.com.np","timestamp":"2024-12-10T15:01:39.169Z"}
{"level":"info","message":"Retrieved emails for: temp.btorucib@macromail.com.np","timestamp":"2024-12-10T15:01:51.162Z"}
{"level":"info","message":"Retrieved emails for: temp.btorucib@macromail.com.np","timestamp":"2024-12-10T15:02:21.173Z"}
{"level":"info","message":"Retrieved emails for: temp.btorucib@macromail.com.np","timestamp":"2024-12-10T15:02:39.170Z"}
{"level":"info","message":"Retrieved emails for: temp.btorucib@macromail.com.np","timestamp":"2024-12-10T15:03:39.176Z"}
{"level":"info","message":"Retrieved emails for: temp.btorucib@macromail.com.np","timestamp":"2024-12-10T15:03:39.185Z"}
{"level":"info","message":"Retrieved emails for: temp.btorucib@macromail.com.np","timestamp":"2024-12-10T15:04:39.179Z"}
{"level":"info","message":"Retrieved emails for: temp.btorucib@macromail.com.np","timestamp":"2024-12-10T15:04:39.182Z"}
{"level":"info","message":"Retrieved emails for: temp.btorucib@macromail.com.np","timestamp":"2024-12-10T15:05:39.163Z"}
{"level":"info","message":"Retrieved emails for: temp.btorucib@macromail.com.np","timestamp":"2024-12-10T15:05:39.166Z"}
{"level":"info","message":"Retrieved emails for: temp.btorucib@macromail.com.np","timestamp":"2024-12-10T15:06:39.180Z"}
{"level":"info","message":"Retrieved emails for: temp.btorucib@macromail.com.np","timestamp":"2024-12-10T15:06:39.185Z"}
{"level":"info","message":"Retrieved emails for: temp.btorucib@macromail.com.np","timestamp":"2024-12-10T15:07:39.176Z"}
{"level":"info","message":"Retrieved emails for: temp.btorucib@macromail.com.np","timestamp":"2024-12-10T15:07:39.179Z"}
{"level":"info","message":"Retrieved emails for: temp.btorucib@macromail.com.np","timestamp":"2024-12-10T15:08:39.174Z"}
{"level":"info","message":"Retrieved emails for: temp.btorucib@macromail.com.np","timestamp":"2024-12-10T15:08:39.178Z"}
{"level":"info","message":"Retrieved emails for: temp.btorucib@macromail.com.np","timestamp":"2024-12-10T15:09:39.169Z"}
{"level":"info","message":"Retrieved emails for: temp.btorucib@macromail.com.np","timestamp":"2024-12-10T15:09:39.176Z"}
{"level":"info","message":"Retrieved emails for: temp.btorucib@macromail.com.np","timestamp":"2024-12-10T15:10:39.178Z"}
{"level":"info","message":"Retrieved emails for: temp.btorucib@macromail.com.np","timestamp":"2024-12-10T15:10:39.184Z"}
{"level":"info","message":"Retrieved emails for: temp.btorucib@macromail.com.np","timestamp":"2024-12-10T15:11:39.169Z"}
{"level":"info","message":"Retrieved emails for: temp.btorucib@macromail.com.np","timestamp":"2024-12-10T15:11:39.171Z"}
{"level":"info","message":"Retrieved emails for: temp.btorucib@macromail.com.np","timestamp":"2024-12-10T15:12:39.165Z"}
{"level":"info","message":"Retrieved emails for: temp.btorucib@macromail.com.np","timestamp":"2024-12-10T15:12:39.171Z"}
{"level":"info","message":"Retrieved emails for: temp.btorucib@macromail.com.np","timestamp":"2024-12-10T15:13:39.164Z"}
{"level":"info","message":"Retrieved emails for: temp.btorucib@macromail.com.np","timestamp":"2024-12-10T15:13:39.168Z"}
{"level":"info","message":"Retrieved emails for: temp.btorucib@macromail.com.np","timestamp":"2024-12-10T15:14:39.176Z"}
{"level":"info","message":"Retrieved emails for: temp.btorucib@macromail.com.np","timestamp":"2024-12-10T15:14:39.179Z"}
{"level":"info","message":"Retrieved emails for: temp.btorucib@macromail.com.np","timestamp":"2024-12-10T15:15:39.174Z"}
{"level":"info","message":"Retrieved emails for: temp.btorucib@macromail.com.np","timestamp":"2024-12-10T15:15:39.184Z"}
{"level":"info","message":"Retrieved emails for: temp.btorucib@macromail.com.np","timestamp":"2024-12-10T15:15:51.165Z"}
{"level":"info","message":"Retrieved emails for: temp.btorucib@macromail.com.np","timestamp":"2024-12-10T15:16:02.335Z"}
{"level":"info","message":"Retrieved emails for: temp.btorucib@macromail.com.np","timestamp":"2024-12-10T15:16:21.172Z"}
{"level":"info","message":"Retrieved emails for: temp.btorucib@macromail.com.np","timestamp":"2024-12-10T15:17:26.268Z"}
{"level":"info","message":"Retrieved emails for: temp.btorucib@macromail.com.np","timestamp":"2024-12-10T15:17:51.161Z"}
{"level":"info","message":"Retrieved emails for: temp.btorucib@macromail.com.np","timestamp":"2024-12-10T15:18:21.162Z"}
{"level":"info","message":"Retrieved emails for: temp.btorucib@macromail.com.np","timestamp":"2024-12-10T15:19:39.174Z"}
{"level":"info","message":"Retrieved emails for: temp.btorucib@macromail.com.np","timestamp":"2024-12-10T15:20:39.164Z"}
{"level":"info","message":"Retrieved emails for: temp.btorucib@macromail.com.np","timestamp":"2024-12-10T15:21:39.163Z"}
{"level":"info","message":"Retrieved emails for: temp.btorucib@macromail.com.np","timestamp":"2024-12-10T15:22:39.170Z"}
{"level":"info","message":"Retrieved emails for: temp.btorucib@macromail.com.np","timestamp":"2024-12-10T15:23:39.172Z"}
{"level":"info","message":"Retrieved emails for: temp.btorucib@macromail.com.np","timestamp":"2024-12-10T15:24:39.175Z"}
{"level":"info","message":"Retrieved emails for: temp.btorucib@macromail.com.np","timestamp":"2024-12-10T15:25:39.178Z"}
{"level":"info","message":"Retrieved emails for: temp.btorucib@macromail.com.np","timestamp":"2024-12-10T15:26:39.163Z"}
{"level":"info","message":"Retrieved emails for: temp.btorucib@macromail.com.np","timestamp":"2024-12-10T15:27:22.347Z"}
{"level":"info","message":"Retrieved emails for: temp.btorucib@macromail.com.np","timestamp":"2024-12-10T15:27:51.173Z"}
{"level":"info","message":{"address":"2404:6800:4003:c04::6d","algo":"TLS_AES_256_GCM_SHA384","authorized":true,"cid":"5fjhbfhtwwgzsew15hud","host":"imap.gmail.com","localAddress":"2407:5200:405:7ac2:b072:3d11:277c:98be","localPort":54839,"msg":"Established secure TCP connection","port":993,"secure":true,"servername":"imap.gmail.com","src":"connection","version":"TLSv1.3"},"timestamp":"2024-12-11T04:41:17.197Z"}
{"code":"ClosedAfterConnectTLS","level":"error","message":"Error connecting to Gmail: Unexpected close","stack":"Error: Unexpected close\n    at ImapFlow.close (x:\\Desktop\\Cursor Projects(Latest)\\temp-mail\\node_modules\\imapflow\\lib\\imap-flow.js:1499:23)\n    at module.exports (x:\\Desktop\\Cursor Projects(Latest)\\temp-mail\\node_modules\\imapflow\\lib\\commands\\logout.js:12:20)\n    at ImapFlow.run (x:\\Desktop\\Cursor Projects(Latest)\\temp-mail\\node_modules\\imapflow\\lib\\imap-flow.js:2929:28)\n    at ImapFlow.logout (x:\\Desktop\\Cursor Projects(Latest)\\temp-mail\\node_modules\\imapflow\\lib\\imap-flow.js:1473:27)\n    at ImapFlow.startSession (x:\\Desktop\\Cursor Projects(Latest)\\temp-mail\\node_modules\\imapflow\\lib\\imap-flow.js:734:31)\n    at process.processTicksAndRejections (node:internal/process/task_queues:105:5)","timestamp":"2024-12-11T04:41:18.096Z"}
{"level":"info","message":{"address":"2404:6800:4003:c04::6d","algo":"TLS_AES_256_GCM_SHA384","authorized":true,"cid":"27o3j5ay7zsl6zrimfjm","host":"imap.gmail.com","localAddress":"2407:5200:405:7ac2:b072:3d11:277c:98be","localPort":54857,"msg":"Established secure TCP connection","port":993,"secure":true,"servername":"imap.gmail.com","src":"connection","version":"TLSv1.3"},"timestamp":"2024-12-11T04:41:39.293Z"}
{"code":"ClosedAfterConnectTLS","level":"error","message":"Error connecting to Gmail: Unexpected close","stack":"Error: Unexpected close\n    at ImapFlow.close (x:\\Desktop\\Cursor Projects(Latest)\\temp-mail\\node_modules\\imapflow\\lib\\imap-flow.js:1499:23)\n    at module.exports (x:\\Desktop\\Cursor Projects(Latest)\\temp-mail\\node_modules\\imapflow\\lib\\commands\\logout.js:12:20)\n    at ImapFlow.run (x:\\Desktop\\Cursor Projects(Latest)\\temp-mail\\node_modules\\imapflow\\lib\\imap-flow.js:2929:28)\n    at ImapFlow.logout (x:\\Desktop\\Cursor Projects(Latest)\\temp-mail\\node_modules\\imapflow\\lib\\imap-flow.js:1473:27)\n    at ImapFlow.startSession (x:\\Desktop\\Cursor Projects(Latest)\\temp-mail\\node_modules\\imapflow\\lib\\imap-flow.js:734:31)\n    at process.processTicksAndRejections (node:internal/process/task_queues:105:5)","timestamp":"2024-12-11T04:41:40.201Z"}
{"level":"info","message":{"address":"2404:6800:4003:c01::6d","algo":"TLS_AES_256_GCM_SHA384","authorized":true,"cid":"xda12wdop3rn0j3m1spz","host":"imap.gmail.com","localAddress":"2407:5200:405:7ac2:20c3:d3e5:8c09:4b0c","localPort":50656,"msg":"Established secure TCP connection","port":993,"secure":true,"servername":"imap.gmail.com","src":"connection","version":"TLSv1.3"},"timestamp":"2024-12-16T12:50:34.873Z"}
{"code":"ClosedAfterConnectTLS","level":"error","message":"Error connecting to Gmail: Unexpected close","stack":"Error: Unexpected close\n    at ImapFlow.close (x:\\Desktop\\Cursor Projects(Latest)\\temp-mail\\node_modules\\imapflow\\lib\\imap-flow.js:1499:23)\n    at module.exports (x:\\Desktop\\Cursor Projects(Latest)\\temp-mail\\node_modules\\imapflow\\lib\\commands\\logout.js:12:20)\n    at ImapFlow.run (x:\\Desktop\\Cursor Projects(Latest)\\temp-mail\\node_modules\\imapflow\\lib\\imap-flow.js:2929:28)\n    at ImapFlow.logout (x:\\Desktop\\Cursor Projects(Latest)\\temp-mail\\node_modules\\imapflow\\lib\\imap-flow.js:1473:27)\n    at ImapFlow.startSession (x:\\Desktop\\Cursor Projects(Latest)\\temp-mail\\node_modules\\imapflow\\lib\\imap-flow.js:734:31)\n    at process.processTicksAndRejections (node:internal/process/task_queues:105:5)","timestamp":"2024-12-16T12:50:35.804Z"}
{"level":"info","message":"Retrieved emails for: temp.btorucib@macromail.com.np","timestamp":"2024-12-16T12:52:08.089Z"}
{"level":"info","message":"Retrieved emails for: temp.btorucib@macromail.com.np","timestamp":"2024-12-16T12:52:08.103Z"}
{"level":"info","message":"Generated email: temp.pgxc5fdi@macromail.com.np","timestamp":"2024-12-16T12:52:20.904Z"}
{"level":"info","message":"Generated new email: temp.pgxc5fdi@macromail.com.np","timestamp":"2024-12-16T12:52:20.905Z"}
{"level":"info","message":"Retrieved emails for: temp.pgxc5fdi@macromail.com.np","timestamp":"2024-12-16T12:52:20.994Z"}
{"level":"info","message":"Generated email: temp.ifhn7hpz@macromail.com.np","timestamp":"2024-12-16T12:52:22.823Z"}
{"level":"info","message":"Generated new email: temp.ifhn7hpz@macromail.com.np","timestamp":"2024-12-16T12:52:22.825Z"}
{"level":"info","message":"Retrieved emails for: temp.ifhn7hpz@macromail.com.np","timestamp":"2024-12-16T12:52:22.933Z"}
{"level":"info","message":"Generated email: temp.hnpet4v5@macromail.com.np","timestamp":"2024-12-16T12:52:23.971Z"}
{"level":"info","message":"Generated new email: temp.hnpet4v5@macromail.com.np","timestamp":"2024-12-16T12:52:23.972Z"}
{"level":"info","message":"Retrieved emails for: temp.hnpet4v5@macromail.com.np","timestamp":"2024-12-16T12:52:24.063Z"}
{"level":"info","message":"Generated email: temp.0zpbw7aw@macromail.com.np","timestamp":"2024-12-16T12:52:24.977Z"}
{"level":"info","message":"Generated new email: temp.0zpbw7aw@macromail.com.np","timestamp":"2024-12-16T12:52:24.978Z"}
{"level":"info","message":"Retrieved emails for: temp.0zpbw7aw@macromail.com.np","timestamp":"2024-12-16T12:52:25.049Z"}
{"level":"info","message":"Generated email: temp.clhtupcj@macromail.com.np","timestamp":"2024-12-16T12:52:25.767Z"}
{"level":"info","message":"Generated new email: temp.clhtupcj@macromail.com.np","timestamp":"2024-12-16T12:52:25.768Z"}
{"level":"info","message":"Retrieved emails for: temp.clhtupcj@macromail.com.np","timestamp":"2024-12-16T12:52:25.867Z"}
{"level":"info","message":"Retrieved emails for: temp.clhtupcj@macromail.com.np","timestamp":"2024-12-16T12:52:55.877Z"}
{"level":"info","message":"Retrieved emails for: temp.clhtupcj@macromail.com.np","timestamp":"2024-12-16T12:53:25.874Z"}
{"level":"info","message":"Retrieved emails for: temp.clhtupcj@macromail.com.np","timestamp":"2024-12-16T12:53:55.874Z"}
{"level":"info","message":"Retrieved emails for: temp.clhtupcj@macromail.com.np","timestamp":"2024-12-16T12:54:26.859Z"}
{"level":"info","message":"Retrieved emails for: temp.clhtupcj@macromail.com.np","timestamp":"2024-12-16T12:54:56.847Z"}
{"level":"info","message":"Retrieved emails for: temp.clhtupcj@macromail.com.np","timestamp":"2024-12-16T12:56:01.860Z"}
{"level":"info","message":"Retrieved emails for: temp.clhtupcj@macromail.com.np","timestamp":"2024-12-16T12:57:01.858Z"}
{"level":"info","message":"Retrieved emails for: temp.clhtupcj@macromail.com.np","timestamp":"2024-12-16T13:03:43.716Z"}
{"level":"info","message":"Retrieved emails for: temp.clhtupcj@macromail.com.np","timestamp":"2024-12-16T13:07:34.256Z"}
{"level":"info","message":"Retrieved emails for: temp.clhtupcj@macromail.com.np","timestamp":"2024-12-16T13:07:42.173Z"}
{"level":"info","message":"Retrieved emails for: temp.clhtupcj@macromail.com.np","timestamp":"2024-12-16T13:07:42.183Z"}
{"level":"info","message":"Retrieved emails for: temp.clhtupcj@macromail.com.np","timestamp":"2024-12-16T13:08:12.198Z"}
{"level":"info","message":"Retrieved emails for: temp.clhtupcj@macromail.com.np","timestamp":"2024-12-16T13:08:42.722Z"}
{"level":"info","message":"Retrieved emails for: temp.clhtupcj@macromail.com.np","timestamp":"2024-12-16T13:09:13.002Z"}
{"level":"info","message":"Retrieved emails for: temp.clhtupcj@macromail.com.np","timestamp":"2024-12-16T13:09:42.200Z"}
{"level":"info","message":"Retrieved emails for: temp.clhtupcj@macromail.com.np","timestamp":"2024-12-16T13:10:12.195Z"}
{"level":"info","message":"Retrieved emails for: temp.clhtupcj@macromail.com.np","timestamp":"2024-12-16T13:10:42.195Z"}
{"level":"info","message":"Retrieved emails for: temp.clhtupcj@macromail.com.np","timestamp":"2024-12-16T13:11:12.197Z"}
{"level":"info","message":"Retrieved emails for: temp.clhtupcj@macromail.com.np","timestamp":"2024-12-16T13:11:42.853Z"}
{"level":"info","message":"Retrieved emails for: temp.clhtupcj@macromail.com.np","timestamp":"2024-12-16T13:12:12.203Z"}
{"level":"info","message":"Retrieved emails for: temp.clhtupcj@macromail.com.np","timestamp":"2024-12-16T13:12:42.857Z"}
{"level":"info","message":"Retrieved emails for: temp.clhtupcj@macromail.com.np","timestamp":"2024-12-16T13:13:12.850Z"}
{"level":"info","message":"Retrieved emails for: temp.clhtupcj@macromail.com.np","timestamp":"2024-12-16T13:14:01.846Z"}
{"level":"info","message":"Retrieved emails for: temp.clhtupcj@macromail.com.np","timestamp":"2024-12-16T13:15:01.854Z"}
{"level":"info","message":"Retrieved emails for: temp.clhtupcj@macromail.com.np","timestamp":"2024-12-16T13:15:46.108Z"}
{"level":"info","message":"Retrieved emails for: temp.clhtupcj@macromail.com.np","timestamp":"2024-12-16T13:16:12.851Z"}
{"level":"info","message":"Retrieved emails for: temp.clhtupcj@macromail.com.np","timestamp":"2024-12-16T13:16:42.862Z"}
{"level":"info","message":"Retrieved emails for: temp.clhtupcj@macromail.com.np","timestamp":"2024-12-16T13:17:12.235Z"}
{"level":"info","message":"Retrieved emails for: temp.clhtupcj@macromail.com.np","timestamp":"2024-12-16T13:17:43.105Z"}
{"level":"info","message":"Retrieved emails for: temp.clhtupcj@macromail.com.np","timestamp":"2024-12-16T13:18:13.540Z"}
{"level":"info","message":"Retrieved emails for: temp.clhtupcj@macromail.com.np","timestamp":"2024-12-16T13:18:13.570Z"}
{"level":"info","message":"Retrieved emails for: temp.clhtupcj@macromail.com.np","timestamp":"2024-12-16T13:18:43.589Z"}
{"level":"info","message":"Generated email: temp.75k6w79m@macromail.com.np","timestamp":"2024-12-16T13:19:09.940Z"}
{"level":"info","message":"Generated new email: temp.75k6w79m@macromail.com.np","timestamp":"2024-12-16T13:19:09.957Z"}
{"level":"info","message":"Retrieved emails for: temp.75k6w79m@macromail.com.np","timestamp":"2024-12-16T13:19:10.069Z"}
{"level":"info","message":"Retrieved emails for: temp.75k6w79m@macromail.com.np","timestamp":"2024-12-16T13:19:40.080Z"}
{"level":"info","message":"Retrieved emails for: temp.75k6w79m@macromail.com.np","timestamp":"2024-12-16T13:20:10.851Z"}
{"level":"info","message":"Retrieved emails for: temp.75k6w79m@macromail.com.np","timestamp":"2024-12-16T13:20:40.947Z"}
{"level":"info","message":"Retrieved emails for: temp.75k6w79m@macromail.com.np","timestamp":"2024-12-16T13:21:10.957Z"}
{"level":"info","message":"Retrieved emails for: temp.75k6w79m@macromail.com.np","timestamp":"2024-12-16T13:21:40.854Z"}
{"level":"info","message":"Retrieved emails for: temp.75k6w79m@macromail.com.np","timestamp":"2024-12-16T13:22:10.853Z"}
{"level":"info","message":"Retrieved emails for: temp.75k6w79m@macromail.com.np","timestamp":"2024-12-16T13:23:01.850Z"}
{"level":"info","message":"Retrieved emails for: temp.75k6w79m@macromail.com.np","timestamp":"2024-12-16T13:23:15.022Z"}
{"level":"info","message":"Retrieved emails for: temp.75k6w79m@macromail.com.np","timestamp":"2024-12-16T13:23:40.863Z"}
{"level":"info","message":"Retrieved emails for: temp.75k6w79m@macromail.com.np","timestamp":"2024-12-16T13:24:10.861Z"}
{"level":"info","message":"Retrieved emails for: temp.75k6w79m@macromail.com.np","timestamp":"2024-12-16T13:25:01.851Z"}
{"level":"info","message":"Retrieved emails for: temp.75k6w79m@macromail.com.np","timestamp":"2024-12-16T13:26:01.855Z"}
{"level":"info","message":"Retrieved emails for: temp.75k6w79m@macromail.com.np","timestamp":"2024-12-16T13:27:01.854Z"}
{"level":"info","message":"Retrieved emails for: temp.75k6w79m@macromail.com.np","timestamp":"2024-12-16T13:28:01.856Z"}
{"level":"info","message":"Retrieved emails for: temp.75k6w79m@macromail.com.np","timestamp":"2024-12-16T13:29:01.849Z"}
{"level":"info","message":"Retrieved emails for: temp.75k6w79m@macromail.com.np","timestamp":"2024-12-16T13:29:12.348Z"}
{"level":"info","message":"Retrieved emails for: temp.75k6w79m@macromail.com.np","timestamp":"2024-12-16T13:29:40.718Z"}
{"level":"info","message":"Retrieved emails for: temp.75k6w79m@macromail.com.np","timestamp":"2024-12-16T13:30:10.081Z"}
{"level":"info","message":"Retrieved emails for: temp.75k6w79m@macromail.com.np","timestamp":"2024-12-16T13:30:40.848Z"}
{"level":"info","message":"Retrieved emails for: temp.75k6w79m@macromail.com.np","timestamp":"2024-12-16T13:31:10.852Z"}
{"level":"info","message":"Retrieved emails for: temp.75k6w79m@macromail.com.np","timestamp":"2024-12-16T13:32:01.854Z"}
{"level":"info","message":"Retrieved emails for: temp.75k6w79m@macromail.com.np","timestamp":"2024-12-16T13:33:01.847Z"}
{"level":"info","message":"Retrieved emails for: temp.75k6w79m@macromail.com.np","timestamp":"2024-12-16T13:34:00.750Z"}
{"level":"info","message":"Retrieved emails for: temp.75k6w79m@macromail.com.np","timestamp":"2024-12-16T13:34:10.098Z"}
{"level":"info","message":"Retrieved emails for: temp.75k6w79m@macromail.com.np","timestamp":"2024-12-16T13:34:40.848Z"}
{"level":"info","message":"Retrieved emails for: temp.75k6w79m@macromail.com.np","timestamp":"2024-12-16T13:35:10.853Z"}
{"level":"info","message":"Retrieved emails for: temp.75k6w79m@macromail.com.np","timestamp":"2024-12-16T13:35:40.852Z"}
{"level":"info","message":"Retrieved emails for: temp.75k6w79m@macromail.com.np","timestamp":"2024-12-16T13:37:01.857Z"}
{"level":"info","message":"Retrieved emails for: temp.75k6w79m@macromail.com.np","timestamp":"2024-12-16T13:38:01.945Z"}
{"level":"info","message":"Retrieved emails for: temp.75k6w79m@macromail.com.np","timestamp":"2024-12-16T13:38:36.459Z"}
{"level":"info","message":"Retrieved emails for: temp.75k6w79m@macromail.com.np","timestamp":"2024-12-16T13:38:40.852Z"}
{"level":"info","message":"Retrieved emails for: temp.75k6w79m@macromail.com.np","timestamp":"2024-12-16T13:39:10.858Z"}
{"level":"info","message":"Retrieved emails for: temp.75k6w79m@macromail.com.np","timestamp":"2024-12-16T13:48:02.434Z"}
{"level":"info","message":"Retrieved emails for: temp.75k6w79m@macromail.com.np","timestamp":"2024-12-16T14:02:14.888Z"}
{"level":"info","message":"Retrieved emails for: temp.75k6w79m@macromail.com.np","timestamp":"2024-12-16T14:02:45.809Z"}
{"level":"info","message":"Retrieved emails for: temp.75k6w79m@macromail.com.np","timestamp":"2024-12-16T14:02:49.702Z"}
{"level":"info","message":"Retrieved emails for: temp.75k6w79m@macromail.com.np","timestamp":"2024-12-16T14:02:49.713Z"}
{"level":"info","message":"Retrieved emails for: temp.75k6w79m@macromail.com.np","timestamp":"2024-12-16T14:03:19.842Z"}
{"level":"info","message":"Retrieved emails for: temp.75k6w79m@macromail.com.np","timestamp":"2024-12-16T14:03:49.951Z"}
{"level":"info","message":"Retrieved emails for: temp.75k6w79m@macromail.com.np","timestamp":"2024-12-16T14:04:19.854Z"}
{"level":"info","message":"Retrieved emails for: temp.75k6w79m@macromail.com.np","timestamp":"2024-12-16T14:04:49.848Z"}
{"level":"info","message":{"address":"2404:6800:4003:c05::6d","algo":"TLS_AES_256_GCM_SHA384","authorized":true,"cid":"a574markmd9oiv5b7dhf","host":"imap.gmail.com","localAddress":"2407:5200:405:7ac2:a1bf:dc82:7b19:e798","localPort":56370,"msg":"Established secure TCP connection","port":993,"secure":true,"servername":"imap.gmail.com","src":"connection","version":"TLSv1.3"},"timestamp":"2024-12-16T14:07:09.511Z"}
{"code":"ClosedAfterConnectTLS","level":"error","message":"Error connecting to Gmail: Unexpected close","stack":"Error: Unexpected close\n    at ImapFlow.close (x:\\Desktop\\Cursor Projects(Latest)\\temp-mail\\node_modules\\imapflow\\lib\\imap-flow.js:1499:23)\n    at module.exports (x:\\Desktop\\Cursor Projects(Latest)\\temp-mail\\node_modules\\imapflow\\lib\\commands\\logout.js:12:20)\n    at ImapFlow.run (x:\\Desktop\\Cursor Projects(Latest)\\temp-mail\\node_modules\\imapflow\\lib\\imap-flow.js:2929:28)\n    at ImapFlow.logout (x:\\Desktop\\Cursor Projects(Latest)\\temp-mail\\node_modules\\imapflow\\lib\\imap-flow.js:1473:27)\n    at ImapFlow.startSession (x:\\Desktop\\Cursor Projects(Latest)\\temp-mail\\node_modules\\imapflow\\lib\\imap-flow.js:734:31)\n    at process.processTicksAndRejections (node:internal/process/task_queues:105:5)","timestamp":"2024-12-16T14:07:10.712Z"}
{"level":"info","message":"Retrieved emails for: temp.75k6w79m@macromail.com.np","timestamp":"2024-12-16T14:07:35.877Z"}
{"level":"info","message":"Generated email: temp.athizugj@macromail.com.np","timestamp":"2024-12-16T14:07:52.985Z"}
{"level":"info","message":"Generated new email: temp.athizugj@macromail.com.np","timestamp":"2024-12-16T14:07:52.986Z"}
{"level":"info","message":"Retrieved emails for: temp.athizugj@macromail.com.np","timestamp":"2024-12-16T14:07:53.066Z"}
{"level":"info","message":"Generated email: temp.tcmeb5ss@macromail.com.np","timestamp":"2024-12-16T14:07:55.236Z"}
{"level":"info","message":"Generated new email: temp.tcmeb5ss@macromail.com.np","timestamp":"2024-12-16T14:07:55.237Z"}
{"level":"info","message":"Retrieved emails for: temp.tcmeb5ss@macromail.com.np","timestamp":"2024-12-16T14:07:55.344Z"}
{"level":"info","message":"Generated email: temp.w4g38rs4@macromail.com.np","timestamp":"2024-12-16T14:07:56.241Z"}
{"level":"info","message":"Generated new email: temp.w4g38rs4@macromail.com.np","timestamp":"2024-12-16T14:07:56.242Z"}
{"level":"info","message":"Retrieved emails for: temp.w4g38rs4@macromail.com.np","timestamp":"2024-12-16T14:07:56.333Z"}
{"level":"info","message":"Retrieved emails for: temp.w4g38rs4@macromail.com.np","timestamp":"2024-12-16T14:08:26.853Z"}
{"level":"info","message":"Retrieved emails for: temp.w4g38rs4@macromail.com.np","timestamp":"2024-12-16T14:08:56.853Z"}
{"level":"info","message":"Retrieved emails for: temp.w4g38rs4@macromail.com.np","timestamp":"2024-12-16T14:09:26.849Z"}
{"level":"info","message":"Retrieved emails for: temp.w4g38rs4@macromail.com.np","timestamp":"2024-12-16T14:09:56.857Z"}
{"level":"info","message":"Retrieved emails for: temp.w4g38rs4@macromail.com.np","timestamp":"2024-12-16T14:11:01.857Z"}
{"level":"info","message":"Retrieved emails for: temp.w4g38rs4@macromail.com.np","timestamp":"2024-12-16T14:12:01.850Z"}
{"level":"info","message":"Retrieved emails for: temp.w4g38rs4@macromail.com.np","timestamp":"2024-12-16T14:13:01.853Z"}
{"level":"info","message":"Retrieved emails for: temp.w4g38rs4@macromail.com.np","timestamp":"2024-12-16T14:14:01.861Z"}
{"level":"info","message":"Retrieved emails for: temp.w4g38rs4@macromail.com.np","timestamp":"2024-12-16T14:14:26.854Z"}
{"level":"info","message":"Retrieved emails for: temp.w4g38rs4@macromail.com.np","timestamp":"2024-12-16T14:14:56.854Z"}
{"level":"info","message":"Retrieved emails for: temp.w4g38rs4@macromail.com.np","timestamp":"2024-12-16T14:16:01.848Z"}
{"level":"info","message":"Retrieved emails for: temp.w4g38rs4@macromail.com.np","timestamp":"2024-12-16T14:17:01.961Z"}
{"level":"info","message":"Retrieved emails for: temp.w4g38rs4@macromail.com.np","timestamp":"2024-12-16T14:18:01.851Z"}
{"level":"info","message":"Retrieved emails for: temp.w4g38rs4@macromail.com.np","timestamp":"2024-12-16T14:19:01.855Z"}
{"level":"info","message":"Retrieved emails for: temp.w4g38rs4@macromail.com.np","timestamp":"2024-12-16T14:20:01.853Z"}
{"level":"info","message":"Retrieved emails for: temp.w4g38rs4@macromail.com.np","timestamp":"2024-12-16T14:21:01.851Z"}
{"level":"info","message":"Retrieved emails for: temp.w4g38rs4@macromail.com.np","timestamp":"2024-12-16T14:22:01.854Z"}
{"level":"info","message":"Retrieved emails for: temp.w4g38rs4@macromail.com.np","timestamp":"2024-12-16T14:23:01.853Z"}
{"level":"info","message":"Retrieved emails for: temp.w4g38rs4@macromail.com.np","timestamp":"2024-12-16T14:24:01.851Z"}
{"level":"info","message":"Retrieved emails for: temp.w4g38rs4@macromail.com.np","timestamp":"2024-12-16T14:25:01.855Z"}
{"level":"info","message":"Retrieved emails for: temp.w4g38rs4@macromail.com.np","timestamp":"2024-12-16T14:26:01.857Z"}
{"level":"info","message":"Retrieved emails for: temp.w4g38rs4@macromail.com.np","timestamp":"2024-12-16T14:26:26.338Z"}
{"level":"info","message":"Retrieved emails for: temp.w4g38rs4@macromail.com.np","timestamp":"2024-12-16T14:26:56.866Z"}
{"level":"info","message":"Retrieved emails for: temp.w4g38rs4@macromail.com.np","timestamp":"2024-12-16T14:27:26.877Z"}
{"level":"info","message":"Retrieved emails for: temp.w4g38rs4@macromail.com.np","timestamp":"2024-12-16T14:28:01.964Z"}
{"level":"info","message":"Retrieved emails for: temp.w4g38rs4@macromail.com.np","timestamp":"2024-12-16T14:29:01.961Z"}
{"level":"info","message":"Retrieved emails for: temp.w4g38rs4@macromail.com.np","timestamp":"2024-12-16T14:30:01.850Z"}
{"level":"info","message":"Retrieved emails for: temp.w4g38rs4@macromail.com.np","timestamp":"2024-12-16T14:31:01.853Z"}
{"level":"info","message":"Retrieved emails for: temp.w4g38rs4@macromail.com.np","timestamp":"2024-12-16T14:32:01.871Z"}
{"level":"info","message":"Retrieved emails for: temp.w4g38rs4@macromail.com.np","timestamp":"2024-12-16T14:33:01.976Z"}
{"level":"info","message":"Retrieved emails for: temp.w4g38rs4@macromail.com.np","timestamp":"2024-12-16T14:34:01.859Z"}
{"level":"info","message":"Retrieved emails for: temp.w4g38rs4@macromail.com.np","timestamp":"2024-12-16T14:35:01.854Z"}
{"level":"info","message":"Retrieved emails for: temp.w4g38rs4@macromail.com.np","timestamp":"2024-12-16T14:36:01.859Z"}
{"level":"info","message":"Retrieved emails for: temp.w4g38rs4@macromail.com.np","timestamp":"2024-12-16T14:36:51.177Z"}
{"level":"info","message":"Retrieved emails for: temp.w4g38rs4@macromail.com.np","timestamp":"2024-12-16T14:36:56.850Z"}
{"level":"info","message":"Retrieved emails for: temp.w4g38rs4@macromail.com.np","timestamp":"2024-12-16T14:37:26.920Z"}
{"level":"info","message":"Retrieved emails for: temp.w4g38rs4@macromail.com.np","timestamp":"2024-12-16T14:38:01.911Z"}
{"level":"info","message":"Retrieved emails for: temp.w4g38rs4@macromail.com.np","timestamp":"2024-12-16T14:38:26.857Z"}
{"level":"info","message":"Retrieved emails for: temp.w4g38rs4@macromail.com.np","timestamp":"2024-12-16T14:38:56.854Z"}
{"level":"info","message":"Retrieved emails for: temp.w4g38rs4@macromail.com.np","timestamp":"2024-12-16T14:40:01.848Z"}
{"level":"info","message":"Retrieved emails for: temp.w4g38rs4@macromail.com.np","timestamp":"2024-12-16T14:40:46.536Z"}
{"level":"info","message":"Retrieved emails for: temp.w4g38rs4@macromail.com.np","timestamp":"2024-12-16T14:40:56.859Z"}
{"level":"info","message":"Retrieved emails for: temp.w4g38rs4@macromail.com.np","timestamp":"2024-12-16T14:41:26.862Z"}
{"level":"info","message":"Retrieved emails for: temp.w4g38rs4@macromail.com.np","timestamp":"2024-12-16T14:42:01.944Z"}
{"level":"info","message":"Retrieved emails for: temp.w4g38rs4@macromail.com.np","timestamp":"2024-12-16T14:43:01.944Z"}
{"level":"info","message":"Retrieved emails for: temp.w4g38rs4@macromail.com.np","timestamp":"2024-12-16T14:44:01.849Z"}
{"level":"info","message":"Retrieved emails for: temp.w4g38rs4@macromail.com.np","timestamp":"2024-12-16T14:45:01.895Z"}
{"level":"info","message":"Retrieved emails for: temp.w4g38rs4@macromail.com.np","timestamp":"2024-12-16T14:46:01.897Z"}
{"level":"info","message":"Retrieved emails for: temp.w4g38rs4@macromail.com.np","timestamp":"2024-12-16T14:47:01.854Z"}
{"level":"info","message":"Retrieved emails for: temp.w4g38rs4@macromail.com.np","timestamp":"2024-12-16T15:07:19.291Z"}
{"level":"info","message":"Retrieved emails for: temp.w4g38rs4@macromail.com.np","timestamp":"2024-12-16T15:08:02.435Z"}
{"level":"info","message":"Retrieved emails for: temp.w4g38rs4@macromail.com.np","timestamp":"2024-12-16T15:09:01.951Z"}
{"level":"info","message":"Retrieved emails for: temp.w4g38rs4@macromail.com.np","timestamp":"2024-12-16T15:10:01.855Z"}
{"level":"info","message":"Retrieved emails for: temp.w4g38rs4@macromail.com.np","timestamp":"2024-12-16T15:11:01.848Z"}
